
[0;34mâ•â•â•â•â•â•â•â•â•â•â•â•â•â•â•â•â•â•â•â•â•â•â•â•â•â•â•â•â•â•â•â•â•â•â•â•â•â•â•[0m
[0;34mLARC Repository Migration to Monorepo[0m
[0;34mâ•â•â•â•â•â•â•â•â•â•â•â•â•â•â•â•â•â•â•â•â•â•â•â•â•â•â•â•â•â•â•â•â•â•â•â•â•â•â•[0m

[0;32mâœ“[0m Starting migration at Sat Dec  6 06:24:35 PM PST 2025
[0;32mâœ“[0m Current directory: /home/cdr/larc/larc
[0;32mâœ“[0m Backup will be created at: /tmp/larc-migration-backup-20251206-182435

[0;34mâ•â•â•â•â•â•â•â•â•â•â•â•â•â•â•â•â•â•â•â•â•â•â•â•â•â•â•â•â•â•â•â•â•â•â•â•â•â•â•[0m
[0;34mCreating Safety Backup[0m
[0;34mâ•â•â•â•â•â•â•â•â•â•â•â•â•â•â•â•â•â•â•â•â•â•â•â•â•â•â•â•â•â•â•â•â•â•â•â•â•â•â•[0m

[0;32mâœ“[0m Full backup created at /tmp/larc-migration-backup-20251206-182435

[0;34mâ•â•â•â•â•â•â•â•â•â•â•â•â•â•â•â•â•â•â•â•â•â•â•â•â•â•â•â•â•â•â•â•â•â•â•â•â•â•â•[0m
[0;34mVerifying Current Structure[0m
[0;34mâ•â•â•â•â•â•â•â•â•â•â•â•â•â•â•â•â•â•â•â•â•â•â•â•â•â•â•â•â•â•â•â•â•â•â•â•â•â•â•[0m

[0;32mâœ“[0m Found: core
[0;32mâœ“[0m Found: ui
[0;32mâœ“[0m Found: components-types
[0;32mâœ“[0m Found: core-types
[0;32mâœ“[0m Found: devtools
[0;32mâœ“[0m Found: examples
[0;32mâœ“[0m Found: site

[0;34mâ•â•â•â•â•â•â•â•â•â•â•â•â•â•â•â•â•â•â•â•â•â•â•â•â•â•â•â•â•â•â•â•â•â•â•â•â•â•â•[0m
[0;34mStep 1: Creating New Directory Structure[0m
[0;34mâ•â•â•â•â•â•â•â•â•â•â•â•â•â•â•â•â•â•â•â•â•â•â•â•â•â•â•â•â•â•â•â•â•â•â•â•â•â•â•[0m

[0;32mâœ“[0m Created packages/ directory
[0;32mâœ“[0m Created docs/ directory

[0;34mâ•â•â•â•â•â•â•â•â•â•â•â•â•â•â•â•â•â•â•â•â•â•â•â•â•â•â•â•â•â•â•â•â•â•â•â•â•â•â•[0m
[0;34mStep 2: Moving Type Definitions to packages/[0m
[0;34mâ•â•â•â•â•â•â•â•â•â•â•â•â•â•â•â•â•â•â•â•â•â•â•â•â•â•â•â•â•â•â•â•â•â•â•â•â•â•â•[0m

[0;32mâœ“[0m Moving core-types to packages/...
[0;32mâœ“[0m âœ“ core-types moved to packages/core-types
[0;32mâœ“[0m Moving components-types to packages/...
[0;32mâœ“[0m âœ“ components-types moved to packages/components-types

[0;34mâ•â•â•â•â•â•â•â•â•â•â•â•â•â•â•â•â•â•â•â•â•â•â•â•â•â•â•â•â•â•â•â•â•â•â•â•â•â•â•[0m
[0;34mStep 3: Moving DevTools to packages/[0m
[0;34mâ•â•â•â•â•â•â•â•â•â•â•â•â•â•â•â•â•â•â•â•â•â•â•â•â•â•â•â•â•â•â•â•â•â•â•â•â•â•â•[0m

[0;32mâœ“[0m Moving devtools to packages/...
[0;32mâœ“[0m âœ“ devtools moved to packages/devtools

[0;34mâ•â•â•â•â•â•â•â•â•â•â•â•â•â•â•â•â•â•â•â•â•â•â•â•â•â•â•â•â•â•â•â•â•â•â•â•â•â•â•[0m
[0;34mStep 4: Moving Documentation to docs/[0m
[0;34mâ•â•â•â•â•â•â•â•â•â•â•â•â•â•â•â•â•â•â•â•â•â•â•â•â•â•â•â•â•â•â•â•â•â•â•â•â•â•â•[0m

[0;32mâœ“[0m Moving site to docs/...
[0;32mâœ“[0m âœ“ site moved to docs/site

[0;34mâ•â•â•â•â•â•â•â•â•â•â•â•â•â•â•â•â•â•â•â•â•â•â•â•â•â•â•â•â•â•â•â•â•â•â•â•â•â•â•[0m
[0;34mStep 5: Organizing Examples[0m
[0;34mâ•â•â•â•â•â•â•â•â•â•â•â•â•â•â•â•â•â•â•â•â•â•â•â•â•â•â•â•â•â•â•â•â•â•â•â•â•â•â•[0m

[0;32mâœ“[0m Note: apps/ directory exists - consider manually reviewing content to merge with examples/
[0;32mâœ“[0m apps/ will remain as-is for now (you may want to merge specific demos later)

[0;34mâ•â•â•â•â•â•â•â•â•â•â•â•â•â•â•â•â•â•â•â•â•â•â•â•â•â•â•â•â•â•â•â•â•â•â•â•â•â•â•[0m
[0;34mStep 6: Cleaning Up Submodule References[0m
[0;34mâ•â•â•â•â•â•â•â•â•â•â•â•â•â•â•â•â•â•â•â•â•â•â•â•â•â•â•â•â•â•â•â•â•â•â•â•â•â•â•[0m

[0;32mâœ“[0m Backing up original .gitmodules...
[0;32mâœ“[0m Note: Keeping core, ui, and other active submodules
[0;32mâœ“[0m Moved packages are no longer submodules

[0;34mâ•â•â•â•â•â•â•â•â•â•â•â•â•â•â•â•â•â•â•â•â•â•â•â•â•â•â•â•â•â•â•â•â•â•â•â•â•â•â•[0m
[0;34mStep 7: Creating Workspace Configuration[0m
[0;34mâ•â•â•â•â•â•â•â•â•â•â•â•â•â•â•â•â•â•â•â•â•â•â•â•â•â•â•â•â•â•â•â•â•â•â•â•â•â•â•[0m

[0;32mâœ“[0m âœ“ Created pnpm-workspace.yaml
[0;32mâœ“[0m âœ“ Created root package.json

[0;34mâ•â•â•â•â•â•â•â•â•â•â•â•â•â•â•â•â•â•â•â•â•â•â•â•â•â•â•â•â•â•â•â•â•â•â•â•â•â•â•[0m
[0;34mStep 8: Creating New README[0m
[0;34mâ•â•â•â•â•â•â•â•â•â•â•â•â•â•â•â•â•â•â•â•â•â•â•â•â•â•â•â•â•â•â•â•â•â•â•â•â•â•â•[0m

[0;32mâœ“[0m âœ“ Created new README.md

[0;34mâ•â•â•â•â•â•â•â•â•â•â•â•â•â•â•â•â•â•â•â•â•â•â•â•â•â•â•â•â•â•â•â•â•â•â•â•â•â•â•[0m
[0;34mMigration Complete![0m
[0;34mâ•â•â•â•â•â•â•â•â•â•â•â•â•â•â•â•â•â•â•â•â•â•â•â•â•â•â•â•â•â•â•â•â•â•â•â•â•â•â•[0m

[0;32mâœ“[0m Migration completed successfully at Sat Dec  6 06:24:36 PM PST 2025
